2018-06-02 00:57:24,123 [INFO] from play.core.server.NettyServer in pool-4-thread-4 - Listening for HTTP on /0:0:0:0:0:0:0:0:9000
2018-06-02 00:57:31,057 [INFO] from application in ForkJoinPool-1-worker-1 - Creating Pool for datasource 'default'
2018-06-02 00:57:31,264 [INFO] from play.api.db.HikariCPConnectionPool in ForkJoinPool-1-worker-1 - datasource [default] bound to JNDI as DefaultDS
2018-06-02 00:57:31,274 [INFO] from play.api.db.DefaultDBApi in ForkJoinPool-1-worker-1 - Database [default] connected at jdbc:postgresql://localhost:5432/postgres
2018-06-02 00:57:34,837 [DEBUG] from application in ForkJoinPool-1-worker-1 - Registered AuthProvider 'password'
2018-06-02 00:57:35,013 [INFO] from play.api.Play in ForkJoinPool-1-worker-1 - Application started (Dev)
2018-06-02 00:58:03,277 [WARN] from org.hibernate.engine.jdbc.spi.SqlExceptionHelper in application-akka.actor.default-dispatcher-9 - SQL Error: 0, SQLState: 42P01
2018-06-02 00:58:03,279 [ERROR] from org.hibernate.engine.jdbc.spi.SqlExceptionHelper in application-akka.actor.default-dispatcher-9 - ERROR: relation "coursachamba.users" does not exist
  Position: 438
2018-06-02 00:58:03,295 [ERROR] from application in application-akka.actor.default-dispatcher-9 - 

! @785pa9cjm - Internal server error, for (POST) [/signup] ->
 
play.api.http.HttpErrorHandlerExceptions$$anon$1: Execution exception[[PersistenceException: org.hibernate.exception.SQLGrammarException: could not extract ResultSet]]
	at play.api.http.HttpErrorHandlerExceptions$.throwableToUsefulException(HttpErrorHandler.scala:269)
	at play.api.http.DefaultHttpErrorHandler.onServerError(HttpErrorHandler.scala:195)
	at play.api.GlobalSettings$class.onError(GlobalSettings.scala:160)
	at play.api.DefaultGlobal$.onError(GlobalSettings.scala:188)
	at play.api.http.GlobalSettingsHttpErrorHandler.onServerError(HttpErrorHandler.scala:98)
	at play.core.server.netty.PlayRequestHandler$$anonfun$2$$anonfun$apply$1.applyOrElse(PlayRequestHandler.scala:99)
	at play.core.server.netty.PlayRequestHandler$$anonfun$2$$anonfun$apply$1.applyOrElse(PlayRequestHandler.scala:98)
	at scala.concurrent.Future$$anonfun$recoverWith$1.apply(Future.scala:344)
	at scala.concurrent.Future$$anonfun$recoverWith$1.apply(Future.scala:343)
	at scala.concurrent.impl.CallbackRunnable.run$$$capture(Promise.scala:32)
	at scala.concurrent.impl.CallbackRunnable.run(Promise.scala)
	at play.api.libs.iteratee.Execution$trampoline$.execute(Execution.scala:70)
	at scala.concurrent.impl.CallbackRunnable.executeWithValue(Promise.scala:40)
	at scala.concurrent.impl.Promise$DefaultPromise.tryComplete(Promise.scala:248)
	at scala.concurrent.impl.Promise$DefaultPromise.link(Promise.scala:304)
	at scala.concurrent.impl.Promise$DefaultPromise.linkRootOf(Promise.scala:289)
	at scala.concurrent.Future$$anonfun$flatMap$1.apply(Future.scala:253)
	at scala.concurrent.Future$$anonfun$flatMap$1.apply(Future.scala:249)
	at scala.concurrent.impl.CallbackRunnable.run$$$capture(Promise.scala:32)
	at scala.concurrent.impl.CallbackRunnable.run(Promise.scala)
	at akka.dispatch.BatchingExecutor$AbstractBatch.processBatch(BatchingExecutor.scala:55)
	at akka.dispatch.BatchingExecutor$BlockableBatch$$anonfun$run$1.apply$mcV$sp(BatchingExecutor.scala:91)
	at akka.dispatch.BatchingExecutor$BlockableBatch$$anonfun$run$1.apply(BatchingExecutor.scala:91)
	at akka.dispatch.BatchingExecutor$BlockableBatch$$anonfun$run$1.apply(BatchingExecutor.scala:91)
	at scala.concurrent.BlockContext$.withBlockContext(BlockContext.scala:72)
	at akka.dispatch.BatchingExecutor$BlockableBatch.run(BatchingExecutor.scala:90)
	at akka.dispatch.TaskInvocation.run(AbstractDispatcher.scala:39)
	at akka.dispatch.ForkJoinExecutorConfigurator$AkkaForkJoinTask.exec(AbstractDispatcher.scala:405)
	at scala.concurrent.forkjoin.ForkJoinTask.doExec(ForkJoinTask.java:260)
	at scala.concurrent.forkjoin.ForkJoinPool$WorkQueue.runTask(ForkJoinPool.java:1339)
	at scala.concurrent.forkjoin.ForkJoinPool.runWorker(ForkJoinPool.java:1979)
	at scala.concurrent.forkjoin.ForkJoinWorkerThread.run(ForkJoinWorkerThread.java:107)
Caused by: javax.persistence.PersistenceException: org.hibernate.exception.SQLGrammarException: could not extract ResultSet
	at org.hibernate.internal.ExceptionConverterImpl.convert(ExceptionConverterImpl.java:147)
	at org.hibernate.internal.ExceptionConverterImpl.convert(ExceptionConverterImpl.java:155)
	at org.hibernate.query.internal.AbstractProducedQuery.list(AbstractProducedQuery.java:1419)
	at org.hibernate.Query.getResultList(Query.java:427)
	at services.UserDAO.getUsernamePasswordAuthUserFind(UserDAO.java:87)
	at services.UserDAO.findByUsernamePasswordIdentity(UserDAO.java:75)
	at providers.MyUsernamePasswordAuthProvider.signupUser(MyUsernamePasswordAuthProvider.java:180)
	at providers.MyUsernamePasswordAuthProvider.signupUser(MyUsernamePasswordAuthProvider.java:36)
	at com.feth.play.module.pa.providers.password.UsernamePasswordAuthProvider.authenticate(UsernamePasswordAuthProvider.java:94)
	at com.feth.play.module.pa.PlayAuthenticate.handleAuthentication(PlayAuthenticate.java:376)
	at com.feth.play.module.pa.providers.password.UsernamePasswordAuthProvider.handleSignup(UsernamePasswordAuthProvider.java:153)
	at controllers.Application.doSignup(Application.java:106)
	at router.Routes$$anonfun$routes$1$$anonfun$applyOrElse$10$$anonfun$apply$10.apply(Routes.scala:611)
	at router.Routes$$anonfun$routes$1$$anonfun$applyOrElse$10$$anonfun$apply$10.apply(Routes.scala:611)
	at play.core.routing.HandlerInvokerFactory$$anon$4.resultCall(HandlerInvoker.scala:157)
	at play.core.routing.HandlerInvokerFactory$$anon$4.resultCall(HandlerInvoker.scala:156)
	at play.core.routing.HandlerInvokerFactory$JavaActionInvokerFactory$$anon$14$$anon$3$$anon$1.invocation(HandlerInvoker.scala:136)
	at play.core.j.JavaAction$$anon$1.call(JavaAction.scala:73)
	at play.http.HttpRequestHandler$1.call(HttpRequestHandler.java:54)
	at play.db.jpa.TransactionalAction.lambda$call$4(TransactionalAction.java:28)
	at play.db.jpa.DefaultJPAApi.lambda$withTransaction$3(DefaultJPAApi.java:196)
	at play.db.jpa.DefaultJPAApi.withTransaction(DefaultJPAApi.java:137)
	at play.db.jpa.DefaultJPAApi.withTransaction(DefaultJPAApi.java:195)
	at play.db.jpa.TransactionalAction.call(TransactionalAction.java:25)
	at play.core.j.JavaAction$$anonfun$7.apply(JavaAction.scala:108)
	at play.core.j.JavaAction$$anonfun$7.apply(JavaAction.scala:108)
	at scala.concurrent.impl.Future$PromiseCompletingRunnable.liftedTree1$1(Future.scala:24)
	at scala.concurrent.impl.Future$PromiseCompletingRunnable.run$$$capture(Future.scala:24)
	at scala.concurrent.impl.Future$PromiseCompletingRunnable.run(Future.scala)
	at play.core.j.HttpExecutionContext$$anon$2.run(HttpExecutionContext.scala:56)
	at play.api.libs.iteratee.Execution$trampoline$.execute(Execution.scala:70)
	at play.core.j.HttpExecutionContext.execute(HttpExecutionContext.scala:48)
	at scala.concurrent.impl.Future$.apply(Future.scala:31)
	at scala.concurrent.Future$.apply(Future.scala:492)
	at play.core.j.JavaAction.apply(JavaAction.scala:108)
	at play.api.mvc.Action$$anonfun$apply$2$$anonfun$apply$5$$anonfun$apply$6.apply(Action.scala:112)
	at play.api.mvc.Action$$anonfun$apply$2$$anonfun$apply$5$$anonfun$apply$6.apply(Action.scala:112)
	at play.utils.Threads$.withContextClassLoader(Threads.scala:21)
	at play.api.mvc.Action$$anonfun$apply$2$$anonfun$apply$5.apply(Action.scala:111)
	at play.api.mvc.Action$$anonfun$apply$2$$anonfun$apply$5.apply(Action.scala:110)
	at scala.Option.map(Option.scala:145)
	at play.api.mvc.Action$$anonfun$apply$2.apply(Action.scala:110)
	at play.api.mvc.Action$$anonfun$apply$2.apply(Action.scala:103)
	at scala.concurrent.Future$$anonfun$flatMap$1.apply(Future.scala:251)
	... 15 common frames omitted
Caused by: org.hibernate.exception.SQLGrammarException: could not extract ResultSet
	at org.hibernate.exception.internal.SQLStateConversionDelegate.convert(SQLStateConversionDelegate.java:106)
	at org.hibernate.exception.internal.StandardSQLExceptionConverter.convert(StandardSQLExceptionConverter.java:42)
	at org.hibernate.engine.jdbc.spi.SqlExceptionHelper.convert(SqlExceptionHelper.java:111)
	at org.hibernate.engine.jdbc.spi.SqlExceptionHelper.convert(SqlExceptionHelper.java:97)
	at org.hibernate.engine.jdbc.internal.ResultSetReturnImpl.extract(ResultSetReturnImpl.java:79)
	at org.hibernate.loader.Loader.getResultSet(Loader.java:2123)
	at org.hibernate.loader.Loader.executeQueryStatement(Loader.java:1911)
	at org.hibernate.loader.Loader.executeQueryStatement(Loader.java:1887)
	at org.hibernate.loader.Loader.doQuery(Loader.java:932)
	at org.hibernate.loader.Loader.doQueryAndInitializeNonLazyCollections(Loader.java:349)
	at org.hibernate.loader.Loader.doList(Loader.java:2615)
	at org.hibernate.loader.Loader.doList(Loader.java:2598)
	at org.hibernate.loader.Loader.listIgnoreQueryCache(Loader.java:2430)
	at org.hibernate.loader.Loader.list(Loader.java:2425)
	at org.hibernate.loader.hql.QueryLoader.list(QueryLoader.java:502)
	at org.hibernate.hql.internal.ast.QueryTranslatorImpl.list(QueryTranslatorImpl.java:370)
	at org.hibernate.engine.query.spi.HQLQueryPlan.performList(HQLQueryPlan.java:216)
	at org.hibernate.internal.SessionImpl.list(SessionImpl.java:1481)
	at org.hibernate.query.internal.AbstractProducedQuery.doList(AbstractProducedQuery.java:1441)
	at org.hibernate.query.internal.AbstractProducedQuery.list(AbstractProducedQuery.java:1410)
	... 56 common frames omitted
Caused by: org.postgresql.util.PSQLException: ERROR: relation "coursachamba.users" does not exist
  Position: 438
	at org.postgresql.core.v3.QueryExecutorImpl.receiveErrorResponse(QueryExecutorImpl.java:2182)
	at org.postgresql.core.v3.QueryExecutorImpl.processResults(QueryExecutorImpl.java:1911)
	at org.postgresql.core.v3.QueryExecutorImpl.execute(QueryExecutorImpl.java:173)
	at org.postgresql.jdbc2.AbstractJdbc2Statement.execute(AbstractJdbc2Statement.java:645)
	at org.postgresql.jdbc2.AbstractJdbc2Statement.executeWithFlags(AbstractJdbc2Statement.java:495)
	at org.postgresql.jdbc2.AbstractJdbc2Statement.executeQuery(AbstractJdbc2Statement.java:380)
	at com.zaxxer.hikari.pool.ProxyPreparedStatement.executeQuery(ProxyPreparedStatement.java:52)
	at com.zaxxer.hikari.pool.HikariProxyPreparedStatement.executeQuery(HikariProxyPreparedStatement.java)
	at org.hibernate.engine.jdbc.internal.ResultSetReturnImpl.extract(ResultSetReturnImpl.java:70)
	... 71 common frames omitted
